<?xml version="1.0" encoding="UTF-8"?>
<!-- Generated by org.testng.reporters.JUnitReportReporter -->
<testsuite hostname="Ravi" failures="0" tests="1" name="com.medimention.testCases.TC_Registration" time="43.619" errors="0" timestamp="2025-07-15T22:57:15 IST" skipped="0">
  <testcase classname="com.medimention.testCases.TC_Registration" name="account_Register" time="43.619"/>
</testsuite> <!-- com.medimention.testCases.TC_Registration -->
