<?xml version="1.0" encoding="UTF-8"?>
<!-- Generated by org.testng.reporters.JUnitReportReporter -->
<testsuite hostname="Ravi" failures="0" tests="1" name="com.medimention.testCases.TC_Registration" time="22.331" errors="0" timestamp="2025-07-17T00:52:24 IST" skipped="0">
  <testcase classname="com.medimention.testCases.TC_Registration" name="account_Register" time="22.331"/>
</testsuite> <!-- com.medimention.testCases.TC_Registration -->
